\BOOKMARK [0][-]{chapter.1}{Einleitung}{}% 1
\BOOKMARK [0][-]{chapter.2}{Tools}{}% 2
\BOOKMARK [1][-]{section.2.1}{Monitoring Tools}{chapter.2}% 3
\BOOKMARK [2][-]{subsection.2.1.1}{Dataheap}{section.2.1}% 4
\BOOKMARK [2][-]{subsection.2.1.2}{Ganglia}{section.2.1}% 5
\BOOKMARK [2][-]{subsection.2.1.3}{PerfMiner}{section.2.1}% 6
\BOOKMARK [2][-]{subsection.2.1.4}{SuperMon}{section.2.1}% 7
\BOOKMARK [2][-]{subsection.2.1.5}{Lightweight Distributed Metric Service}{section.2.1}% 8
\BOOKMARK [2][-]{subsection.2.1.6}{ClusterProbe}{section.2.1}% 9
\BOOKMARK [2][-]{subsection.2.1.7}{Disparity}{section.2.1}% 10
\BOOKMARK [2][-]{subsection.2.1.8}{NWPerf}{section.2.1}% 11
\BOOKMARK [1][-]{section.2.2}{Experiment-basierte Performance Analyse Tools}{chapter.2}% 12
\BOOKMARK [1][-]{section.2.3}{Application Performance Analyse Tools}{chapter.2}% 13
\BOOKMARK [2][-]{subsection.2.3.1}{Tracing}{section.2.3}% 14
\BOOKMARK [2][-]{subsection.2.3.2}{Profiling}{section.2.3}% 15
\BOOKMARK [2][-]{subsection.2.3.3}{Visualization}{section.2.3}% 16
\BOOKMARK [0][-]{chapter.3}{Anwendungstest}{}% 17
\BOOKMARK [1][-]{section.3.1}{Monitoring: Dataheap}{chapter.3}% 18
\BOOKMARK [1][-]{section.3.2}{Experiment: ?}{chapter.3}% 19
\BOOKMARK [1][-]{section.3.3}{Application Performance: Score-P}{chapter.3}% 20
\BOOKMARK [0][-]{chapter.4}{Aktuelle Entwicklung}{}% 21
\BOOKMARK [0][-]{chapter.5}{Fazit}{}% 22
